CarePree/app/build/intermediates/manifest_merge_blame_file/debug/manifest-merger-blame-debug-report.txt
1<?xml version="1.0" encoding="utf-8"?>
2<manifest xmlns:android="http://schemas.android.com/apk/res/android"
3    package="com.example.carepree"
4    android:versionCode="1"
5    android:versionName="1.0" >
6
7    <uses-sdk
8        android:minSdkVersion="24"
8-->src\main\AndroidManifest.xml
9        android:targetSdkVersion="30" />
9-->src\main\AndroidManifest.xml
10
11    <uses-permission android:name="android.permission.INTERNET" />
11-->src\main\AndroidManifest.xml:5:5-67
11-->src\main\AndroidManifest.xml:5:22-64
12    <uses-permission android:name="android.permission.ACCESS_COARSE_LOCATION" />
12-->src\main\AndroidManifest.xml:6:5-81
12-->src\main\AndroidManifest.xml:6:22-78
13    <uses-permission android:name="android.permission.ACCESS_FINE_LOCATION" />
13-->src\main\AndroidManifest.xml:7:5-79
13-->src\main\AndroidManifest.xml:7:22-76
14    <uses-permission android:name="android.permission.ACCESS_NETWORK_STATE" />
14-->src\main\AndroidManifest.xml:8:5-79
14-->src\main\AndroidManifest.xml:8:22-76
15    <uses-permission android:name="android.permission.WRITE_EXTERNAL_STORAGE" />
15-->src\main\AndroidManifest.xml:9:5-81
15-->src\main\AndroidManifest.xml:9:22-78
16    <uses-permission android:name="com.google.android.providers.gsf.permission.READ_GSERVICES" />
16-->src\main\AndroidManifest.xml:10:5-98
16-->src\main\AndroidManifest.xml:10:22-95
17    <uses-permission android:name="com.dev.cromer.jason.coverme.permission.MAPS_RECEIVE" />
17-->src\main\AndroidManifest.xml:11:5-92
17-->src\main\AndroidManifest.xml:11:22-89
18    <uses-permission android:name="android.permission.WRITE_EXTERNAL_STORAGE" />
18-->src\main\AndroidManifest.xml:9:5-81
18-->src\main\AndroidManifest.xml:9:22-78
19    <uses-permission android:name="android.permission.READ_EXTERNAL_STORAGE" />
19-->src\main\AndroidManifest.xml:13:5-80
19-->src\main\AndroidManifest.xml:13:22-77
20
21    <queries>
21-->src\main\AndroidManifest.xml:51:5-54:15
22        <package android:name="com.skt.skaf.l001mtm091" />
22-->src\main\AndroidManifest.xml:52:9-59
22-->src\main\AndroidManifest.xml:52:18-56
23        <package android:name="com.skt.tmap.ku" />
23-->src\main\AndroidManifest.xml:53:9-51
23-->src\main\AndroidManifest.xml:53:18-48
24    </queries>
25
26    <application
26-->src\main\AndroidManifest.xml:16:5-49:19
27        android:allowBackup="true"
27-->src\main\AndroidManifest.xml:17:9-35
28        android:appComponentFactory="androidx.core.app.CoreComponentFactory"
28-->[androidx.core:core:1.3.1] AndroidManifest.xml:24:18-86
29        android:debuggable="true"
30        android:extractNativeLibs="false"
31        android:icon="@mipmap/ic_launcher"
31-->src\main\AndroidManifest.xml:18:9-43
32        android:label="CarePree"
32-->src\main\AndroidManifest.xml:19:9-33
33        android:roundIcon="@mipmap/ic_launcher_round"
33-->src\main\AndroidManifest.xml:20:9-54
34        android:supportsRtl="true"
34-->src\main\AndroidManifest.xml:21:9-35
35        android:testOnly="true"
36        android:theme="@style/Theme.CarePree"
36-->src\main\AndroidManifest.xml:22:9-46
37        android:usesCleartextTraffic="true" >
37-->src\main\AndroidManifest.xml:23:9-44
38        <activity android:name="com.example.carepree.TmapNavi" />
38-->src\main\AndroidManifest.xml:24:9-45
38-->src\main\AndroidManifest.xml:24:19-43
39        <activity android:name="com.example.carepree.DestinationSearchListFrom" />
39-->src\main\AndroidManifest.xml:25:9-63
39-->src\main\AndroidManifest.xml:25:19-60
40        <activity android:name="com.example.carepree.DepartureSearchList" />
40-->src\main\AndroidManifest.xml:26:9-57
40-->src\main\AndroidManifest.xml:26:19-54
41        <activity android:name="com.example.carepree.Settings" />
41-->src\main\AndroidManifest.xml:27:9-46
41-->src\main\AndroidManifest.xml:27:19-43
42        <activity android:name="com.example.carepree.SearchResult" />
42-->src\main\AndroidManifest.xml:28:9-50
42-->src\main\AndroidManifest.xml:28:19-47
43        <activity android:name="com.example.carepree.SearchList" />
43-->src\main\AndroidManifest.xml:29:9-48
43-->src\main\AndroidManifest.xml:29:19-45
44        <activity android:name="com.example.carepree.NearParkingLotMain" />
44-->src\main\AndroidManifest.xml:30:9-56
44-->src\main\AndroidManifest.xml:30:19-53
45        <activity android:name="com.example.carepree.ParkingLotList" />
45-->src\main\AndroidManifest.xml:31:9-52
45-->src\main\AndroidManifest.xml:31:19-49
46        <activity android:name="com.example.carepree.ParkingLotInformation" />
46-->src\main\AndroidManifest.xml:32:9-59
46-->src\main\AndroidManifest.xml:32:19-56
47        <activity android:name="com.example.carepree.Board" />
47-->src\main\AndroidManifest.xml:33:9-42
47-->src\main\AndroidManifest.xml:33:19-40
48        <activity android:name="com.example.carepree.PostPage" />
48-->src\main\AndroidManifest.xml:34:9-45
48-->src\main\AndroidManifest.xml:34:19-43
49        <activity android:name="com.example.carepree.PostWriting" />
49-->src\main\AndroidManifest.xml:35:9-48
49-->src\main\AndroidManifest.xml:35:19-46
50        <activity android:name="com.example.carepree.PostEditing" />
50-->src\main\AndroidManifest.xml:36:9-48
50-->src\main\AndroidManifest.xml:36:19-46
51        <activity android:name="com.example.carepree.MainActivity" >
51-->src\main\AndroidManifest.xml:37:9-43:20
51-->src\main\AndroidManifest.xml:37:19-47
52            <intent-filter>
52-->src\main\AndroidManifest.xml:38:13-42:29
53                <action android:name="android.intent.action.MAIN" />
53-->src\main\AndroidManifest.xml:39:17-69
53-->src\main\AndroidManifest.xml:39:25-66
54
55                <category android:name="android.intent.category.LAUNCHER" />
55-->src\main\AndroidManifest.xml:41:17-77
55-->src\main\AndroidManifest.xml:41:27-74
56            </intent-filter>
57        </activity>
58
59        <meta-data
59-->src\main\AndroidManifest.xml:45:9-47:57
60            android:name="preloaded_fonts"
60-->src\main\AndroidManifest.xml:46:13-43
61            android:resource="@array/preloaded_fonts" />
61-->src\main\AndroidManifest.xml:47:13-54
62    </application>
63
64</manifest>